<<<<<<< HEAD
﻿  AppClassGUI.cpp
  Frogger.vcxproj -> Z:\IGMProfile\Documents\Frogger\Frogger\Z_DELETE\Frogger_d.exe
=======
﻿  AppClass.cpp
z:\igmprofile\documents\github\frogger\frogger\appclass.cpp(129): warning C4018: '<': signed/unsigned mismatch
  Frogger.vcxproj -> Z:\IGMProfile\Documents\GitHub\Frogger\Z_DELETE\Frogger_d.exe
>>>>>>> master
  Copying Shaders...
  Z:\IGMProfile\Documents\Frogger\Frogger\include\Simplex\Shaders\Basic-Instanced.vs
  Z:\IGMProfile\Documents\Frogger\Frogger\include\Simplex\Shaders\Basic.fs
  Z:\IGMProfile\Documents\Frogger\Frogger\include\Simplex\Shaders\Basic.vs
  Z:\IGMProfile\Documents\Frogger\Frogger\include\Simplex\Shaders\BasicColor.fs
  Z:\IGMProfile\Documents\Frogger\Frogger\include\Simplex\Shaders\BasicColor.vs
  Z:\IGMProfile\Documents\Frogger\Frogger\include\Simplex\Shaders\Line.fs
  Z:\IGMProfile\Documents\Frogger\Frogger\include\Simplex\Shaders\Line.vs
  Z:\IGMProfile\Documents\Frogger\Frogger\include\Simplex\Shaders\Minimal.fs
  Z:\IGMProfile\Documents\Frogger\Frogger\include\Simplex\Shaders\Minimal.vs
  Z:\IGMProfile\Documents\Frogger\Frogger\include\Simplex\Shaders\MinimalRed.fs
  Z:\IGMProfile\Documents\Frogger\Frogger\include\Simplex\Shaders\Simplex.fs
  Z:\IGMProfile\Documents\Frogger\Frogger\include\Simplex\Shaders\Simplex.vs
  Z:\IGMProfile\Documents\Frogger\Frogger\include\Simplex\Shaders\Skybox.fs
  Z:\IGMProfile\Documents\Frogger\Frogger\include\Simplex\Shaders\Skybox.vs
  Z:\IGMProfile\Documents\Frogger\Frogger\include\Simplex\Shaders\Text.fs
  Z:\IGMProfile\Documents\Frogger\Frogger\include\Simplex\Shaders\Text.vs
  Z:\IGMProfile\Documents\Frogger\Frogger\include\Simplex\Shaders\Wireframe.fs
  17 File(s) copied
